1
2
3
4
54
5
6

764
63
6
3456
4
5
4235
4
5
4
5
4
5
245
2
5
2
5
2
5
2
5

245

2
4
23
5
234

2
542

452

452
5
2
45
2
5
24
5
4
5
245

24
54
5

5
24

5
25
4
5
43
5

5


5
2
5
2
54
254
2
45
2
5
2
5
2
5
2
5
25
2
54
2

2
5
25

5
2
5


52
42
5
25
34

356
54
6
7
567
57
8

56
745

5


23
4
235
245

6
546
47
6
7
456
3
6
4235
2
5
525

6
36
3
56
3
63
6
4
52
5
23
54
235
24
5
46
34
6
36
3
6
3
6
34
56
45

4
52
5
2
45
2
5
24
5
2
5
25
2
5
2
5
4
56
6
5
6
7
65
785
68
78
6
96
9
78

9
76
6
8
57
4
7
46


624
52
5
43
6
246
24
6

464
6
3
6
5476
47
56
8
56
85
78
57
8
76
8
76
98
